#
# A fatal error has been detected by the Java Runtime Environment:
#
#  EXCEPTION_ACCESS_VIOLATION (0xc0000005) at pc=0xffffffffa3e05120, pid=3772, tid=5468
#
# JRE version: Java(TM) SE Runtime Environment (8.0_31-b13) (build 1.8.0_31-b13)
# Java VM: Java HotSpot(TM) 64-Bit Server VM (25.31-b07 mixed mode windows-amd64 compressed oops)
# Problematic frame:
# C  0xffffffffa3e05120
#
# Failed to write core dump. Minidumps are not enabled by default on client versions of Windows
#
# If you would like to submit a bug report, please visit:
#   http://bugreport.java.com/bugreport/crash.jsp
#

---------------  T H R E A D  ---------------

Current thread (0x0000000059836800):  JavaThread "AWT-Windows" daemon [_thread_in_Java, id=5468, stack(0x000000005a2a0000,0x000000005a3a0000)]

siginfo: ExceptionCode=0xc0000005, ExceptionInformation=0x0000000000000008 0xffffffffa3e05120

Registers:
RAX=0x000000001727c930, RBX=0x000000005734b3e0, RCX=0x0000000000000001, RDX=0x00000000d58cd390
RSP=0x000000005a39e298, RBP=0x000000005a39e448, RSI=0x0000000057542db0, RDI=0x0000000000000506
R8 =0x0000000000000001, R9 =0x00000000d58cee60, R10=0x00000000d58cee70, R11=0x0000000000000000
R12=0x0000000000000000, R13=0x0000000000000128, R14=0x00000000000004f4, R15=0x0000000059836800
RIP=0xffffffffa3e05120, EFLAGS=0x0000000000010216

Top of Stack: (sp=0x000000005a39e298)
0x000000005a39e298:   0000000002f263d4 000000005a39e2a0
0x000000005a39e2a8:   00000000572ef900 000000005a39e2f0
0x000000005a39e2b8:   00000000573b50b8 0000000000000000
0x000000005a39e2c8:   00000000572ef908 0000000000000000
0x000000005a39e2d8:   000000005a39e2f0 00000000010001b6
0x000000005a39e2e8:   00000000d58cd390 00000000d58cee60
0x000000005a39e2f8:   00000000d55cc320 000001b600000001
0x000000005a39e308:   00000000d58ce390 00000000573b50b8
0x000000005a39e318:   0000000000000000 00000000572ef878
0x000000005a39e328:   0000000000000000 000000005a39e350
0x000000005a39e338:   000000005a39e448 000000005a39e448
0x000000005a39e348:   0000000002f80c24 000000005a39e398
0x000000005a39e358:   00000000573b50b8 0000000000000000
0x000000005a39e368:   00000000572ef310 0000000000000000
0x000000005a39e378:   000000005a39e390 000000005a39e3e8
0x000000005a39e388:   0000000002e07a01 00000000010000b6 

Instructions: (pc=0xffffffffa3e05120)
0xffffffffa3e05100:   
[error occurred during error reporting (printing registers, top of stack, instructions near pc), id 0xc0000005]

Register to memory mapping:

RAX=0x000000001727c930 is pointing into metadata
RBX={method} {0x000000005734b3e8} 'afterNodeInsertion' '(Z)V' in 'java/util/HashMap'
RCX=0x0000000000000001 is an unknown value
RDX=0x00000000d58cd390 is an oop
java.util.HashMap 
 - klass: 'java/util/HashMap'
RSP=0x000000005a39e298 is pointing into the stack for thread: 0x0000000059836800
RBP=0x000000005a39e448 is pointing into the stack for thread: 0x0000000059836800
RSI=0x0000000057542db0 is pointing into metadata
RDI=0x0000000000000506 is an unknown value
R8 =0x0000000000000001 is an unknown value
R9 =0x00000000d58cee60 is an oop
java.lang.Integer 
 - klass: 'java/lang/Integer'
R10=0x00000000d58cee70 is an oop
java.util.HashMap$Node 
 - klass: 'java/util/HashMap$Node'
R11=0x0000000000000000 is an unknown value
R12=0x0000000000000000 is an unknown value
R13=0x0000000000000128 is an unknown value
R14=0x00000000000004f4 is an unknown value
R15=0x0000000059836800 is a thread


Stack: [0x000000005a2a0000,0x000000005a3a0000],  sp=0x000000005a39e298,  free space=1016k
Native frames: (J=compiled Java code, j=interpreted, Vv=VM code, C=native code)
C  0xffffffffa3e05120


---------------  P R O C E S S  ---------------

Java Threads: ( => current thread )
  0x0000000059883800 JavaThread "AWT-EventQueue-0" [_thread_blocked, id=7252, stack(0x000000005ca00000,0x000000005cb00000)]
  0x0000000059859800 JavaThread "TimerQueue" daemon [_thread_blocked, id=6232, stack(0x000000005c870000,0x000000005c970000)]
=>0x0000000059836800 JavaThread "AWT-Windows" daemon [_thread_in_Java, id=5468, stack(0x000000005a2a0000,0x000000005a3a0000)]
  0x0000000059835000 JavaThread "AWT-Shutdown" [_thread_blocked, id=8232, stack(0x000000005a0f0000,0x000000005a1f0000)]
  0x0000000059834000 JavaThread "Java2D Disposer" daemon [_thread_blocked, id=7720, stack(0x0000000059f20000,0x000000005a020000)]
  0x0000000059506800 JavaThread "Service Thread" daemon [_thread_blocked, id=8320, stack(0x0000000059ae0000,0x0000000059be0000)]
  0x0000000057c5e000 JavaThread "C1 CompilerThread2" daemon [_thread_blocked, id=5232, stack(0x0000000059230000,0x0000000059330000)]
  0x0000000057c5d000 JavaThread "C2 CompilerThread1" daemon [_thread_blocked, id=2668, stack(0x00000000598a0000,0x00000000599a0000)]
  0x0000000057c55800 JavaThread "C2 CompilerThread0" daemon [_thread_blocked, id=6752, stack(0x0000000059390000,0x0000000059490000)]
  0x0000000057c51800 JavaThread "Attach Listener" daemon [_thread_blocked, id=5176, stack(0x0000000059130000,0x0000000059230000)]
  0x0000000057c50800 JavaThread "Signal Dispatcher" daemon [_thread_blocked, id=6476, stack(0x0000000058c60000,0x0000000058d60000)]
  0x0000000057bf4800 JavaThread "Finalizer" daemon [_thread_blocked, id=6240, stack(0x0000000058f70000,0x0000000059070000)]
  0x0000000057beb800 JavaThread "Reference Handler" daemon [_thread_blocked, id=5428, stack(0x0000000058d80000,0x0000000058e80000)]
  0x00000000025be000 JavaThread "main" [_thread_in_native, id=7524, stack(0x0000000002d00000,0x0000000002e00000)]

Other Threads:
  0x0000000057be8000 VMThread [stack: 0x0000000058b60000,0x0000000058c60000] [id=5504]
  0x0000000059507800 WatcherThread [stack: 0x0000000059cd0000,0x0000000059dd0000] [id=552]

VM state:not at safepoint (normal execution)

VM Mutex/Monitor currently owned by a thread: None

Heap:
 PSYoungGen      total 38400K, used 5990K [0x00000000d5580000, 0x00000000d8000000, 0x0000000100000000)
  eden space 33280K, 18% used [0x00000000d5580000,0x00000000d5b59b50,0x00000000d7600000)
  from space 5120K, 0% used [0x00000000d7b00000,0x00000000d7b00000,0x00000000d8000000)
  to   space 5120K, 0% used [0x00000000d7600000,0x00000000d7600000,0x00000000d7b00000)
 ParOldGen       total 87552K, used 0K [0x0000000080000000, 0x0000000085580000, 0x00000000d5580000)
  object space 87552K, 0% used [0x0000000080000000,0x0000000080000000,0x0000000085580000)
 Metaspace       used 6975K, capacity 7084K, committed 7296K, reserved 1056768K
  class space    used 818K, capacity 864K, committed 896K, reserved 1048576K

Card table byte_map: [0x00000000121c0000,0x00000000125d0000] byte_map_base: 0x0000000011dc0000

Marking Bits: (ParMarkBitMap*) 0x00000000665fd4f0
 Begin Bits: [0x0000000012e60000, 0x0000000014e60000)
 End Bits:   [0x0000000014e60000, 0x0000000016e60000)

Polling page: 0x00000000008c0000

CodeCache: size=245760Kb used=1647Kb max_used=1647Kb free=244112Kb
 bounds [0x0000000002e00000, 0x0000000003070000, 0x0000000011e00000]
 total_blobs=625 nmethods=270 adapters=270
 compilation: enabled

Compilation events (10 events):
Event: 0.404 Thread 0x0000000057c5e000  262       1       java.util.HashMap::afterNodeInsertion (1 bytes)
Event: 0.404 Thread 0x0000000057c5e000 nmethod 262 0x0000000002f98f90 code [0x0000000002f990e0, 0x0000000002f991f0]
Event: 0.404 Thread 0x0000000057c5e000  263       3       java.lang.Integer::valueOf (32 bytes)
Event: 0.404 Thread 0x0000000057c5e000 nmethod 263 0x0000000002f99250 code [0x0000000002f993c0, 0x0000000002f99710]
Event: 0.413 Thread 0x0000000057c5e000  264       1       java.util.ResourceBundle$CacheKey::hashCode (5 bytes)
Event: 0.413 Thread 0x0000000057c5e000 nmethod 264 0x0000000002f99ad0 code [0x0000000002f99c20, 0x0000000002f99d30]
Event: 0.413 Thread 0x0000000057c5e000  265       3       java.lang.String::substring (56 bytes)
Event: 0.413 Thread 0x0000000057c5e000 nmethod 265 0x0000000002f99d90 code [0x0000000002f99f20, 0x0000000002f9a2c8]
Event: 0.413 Thread 0x0000000057c5e000  266       3       java.util.ArrayList$Itr::checkForComodification (23 bytes)
Event: 0.413 Thread 0x0000000057c5e000 nmethod 266 0x0000000002f9a450 code [0x0000000002f9a5c0, 0x0000000002f9a7e8]

GC Heap History (0 events):
No events

Deoptimization events (0 events):
No events

Internal exceptions (10 events):
Event: 0.371 Thread 0x00000000025be000 Exception <a 'java/security/PrivilegedActionException'> (0x00000000d59a0f68) thrown at [C:\workspace\8-2-build-windows-amd64-cygwin\jdk8u31\2394\hotspot\src\share\vm\prims\jvm.cpp, line 1312]
Event: 0.371 Thread 0x00000000025be000 Exception <a 'java/security/PrivilegedActionException'> (0x00000000d59a5900) thrown at [C:\workspace\8-2-build-windows-amd64-cygwin\jdk8u31\2394\hotspot\src\share\vm\prims\jvm.cpp, line 1312]
Event: 0.372 Thread 0x00000000025be000 Exception <a 'java/security/PrivilegedActionException'> (0x00000000d59a6d38) thrown at [C:\workspace\8-2-build-windows-amd64-cygwin\jdk8u31\2394\hotspot\src\share\vm\prims\jvm.cpp, line 1312]
Event: 0.386 Thread 0x00000000025be000 Exception <a 'java/security/PrivilegedActionException'> (0x00000000d59c7228) thrown at [C:\workspace\8-2-build-windows-amd64-cygwin\jdk8u31\2394\hotspot\src\share\vm\prims\jvm.cpp, line 1312]
Event: 0.386 Thread 0x00000000025be000 Exception <a 'java/security/PrivilegedActionException'> (0x00000000d59c9078) thrown at [C:\workspace\8-2-build-windows-amd64-cygwin\jdk8u31\2394\hotspot\src\share\vm\prims\jvm.cpp, line 1312]
Event: 0.387 Thread 0x00000000025be000 Exception <a 'java/security/PrivilegedActionException'> (0x00000000d59cacd8) thrown at [C:\workspace\8-2-build-windows-amd64-cygwin\jdk8u31\2394\hotspot\src\share\vm\prims\jvm.cpp, line 1312]
Event: 0.398 Thread 0x00000000025be000 Exception <a 'java/security/PrivilegedActionException'> (0x00000000d59d8ee0) thrown at [C:\workspace\8-2-build-windows-amd64-cygwin\jdk8u31\2394\hotspot\src\share\vm\prims\jvm.cpp, line 1312]
Event: 0.398 Thread 0x00000000025be000 Exception <a 'java/security/PrivilegedActionException'> (0x00000000d59da368) thrown at [C:\workspace\8-2-build-windows-amd64-cygwin\jdk8u31\2394\hotspot\src\share\vm\prims\jvm.cpp, line 1312]
Event: 0.398 Thread 0x00000000025be000 Exception <a 'java/security/PrivilegedActionException'> (0x00000000d59dc2a8) thrown at [C:\workspace\8-2-build-windows-amd64-cygwin\jdk8u31\2394\hotspot\src\share\vm\prims\jvm.cpp, line 1312]
Event: 0.398 Thread 0x00000000025be000 Exception <a 'java/security/PrivilegedActionException'> (0x00000000d59dd798) thrown at [C:\workspace\8-2-build-windows-amd64-cygwin\jdk8u31\2394\hotspot\src\share\vm\prims\jvm.cpp, line 1312]

Events (10 events):
Event: 0.415 loading class java/awt/EventQueue$3
Event: 0.415 loading class java/awt/EventQueue$3 done
Event: 0.415 loading class java/awt/MenuComponent
Event: 0.415 loading class java/awt/MenuComponent done
Event: 0.415 loading class java/awt/TrayIcon
Event: 0.415 loading class java/awt/TrayIcon done
Event: 0.415 loading class java/awt/event/InputMethodEvent
Event: 0.415 loading class java/awt/event/InputMethodEvent done
Event: 0.415 loading class java/awt/event/ActionEvent
Event: 0.415 loading class java/awt/event/ActionEvent done


Dynamic libraries:
0x000000013fdd0000 - 0x000000013fe04000 	P:\Program Files\Java\jdk1.8.0_31\jre\bin\javaw.exe
0x0000000077280000 - 0x0000000077406000 	C:\Windows\system32\ntdll.dll
0x0000000076d00000 - 0x0000000076e2d000 	C:\Windows\system32\kernel32.dll
0x000007fefe5b0000 - 0x000007fefe6b8000 	C:\Windows\system32\ADVAPI32.dll
0x000007feff450000 - 0x000007feff592000 	C:\Windows\system32\RPCRT4.dll
0x0000000076f90000 - 0x000000007705d000 	C:\Windows\system32\USER32.dll
0x000007fefdde0000 - 0x000007fefde44000 	C:\Windows\system32\GDI32.dll
0x000007fefc840000 - 0x000007fefca39000 	C:\Windows\WinSxS\amd64_microsoft.windows.common-controls_6595b64144ccf1df_6.0.6002.18305_none_1509f852f40ee5cd\COMCTL32.dll
0x000007feff3a0000 - 0x000007feff43c000 	C:\Windows\system32\msvcrt.dll
0x000007feff320000 - 0x000007feff393000 	C:\Windows\system32\SHLWAPI.dll
0x000007fefdef0000 - 0x000007fefdf1d000 	C:\Windows\system32\IMM32.DLL
0x000007fefdcd0000 - 0x000007fefddd2000 	C:\Windows\system32\MSCTF.dll
0x000007feff440000 - 0x000007feff44d000 	C:\Windows\system32\LPK.DLL
0x000007fefde50000 - 0x000007fefdeeb000 	C:\Windows\system32\USP10.dll
0x0000000068980000 - 0x0000000068a52000 	P:\Program Files\Java\jdk1.8.0_31\jre\bin\msvcr100.dll
0x0000000065e20000 - 0x000000006667a000 	P:\Program Files\Java\jdk1.8.0_31\jre\bin\server\jvm.dll
0x000007fefafb0000 - 0x000007fefafb9000 	C:\Windows\system32\WSOCK32.dll
0x000007fefe320000 - 0x000007fefe364000 	C:\Windows\system32\WS2_32.dll
0x000007fefdfc0000 - 0x000007fefdfc7000 	C:\Windows\system32\NSI.dll
0x000007fefaf70000 - 0x000007fefafa9000 	C:\Windows\system32\WINMM.dll
0x000007fefe3d0000 - 0x000007fefe5a8000 	C:\Windows\system32\ole32.dll
0x000007fefdfd0000 - 0x000007fefe0a3000 	C:\Windows\system32\OLEAUT32.dll
0x000007fefaf10000 - 0x000007fefaf65000 	C:\Windows\system32\OLEACC.dll
0x0000000077420000 - 0x0000000077429000 	C:\Windows\system32\PSAPI.DLL
0x000000006b860000 - 0x000000006b86f000 	P:\Program Files\Java\jdk1.8.0_31\jre\bin\verify.dll
0x000000006a5b0000 - 0x000000006a5d8000 	P:\Program Files\Java\jdk1.8.0_31\jre\bin\java.dll
0x000000006aa90000 - 0x000000006aaa6000 	P:\Program Files\Java\jdk1.8.0_31\jre\bin\zip.dll
0x000007fefe6c0000 - 0x000007feff313000 	C:\Windows\system32\SHELL32.dll
0x000007fefdb20000 - 0x000007fefdb46000 	C:\Windows\system32\USERENV.dll
0x000007fefdb00000 - 0x000007fefdb1c000 	C:\Windows\system32\Secur32.dll
0x0000000062650000 - 0x00000000627e8000 	P:\Program Files\Java\jdk1.8.0_31\jre\bin\awt.dll
0x000007fefb450000 - 0x000007fefb461000 	C:\Windows\system32\DWMAPI.DLL
0x000007fefc010000 - 0x000007fefc061000 	C:\Windows\system32\uxtheme.dll
0x000007fef8530000 - 0x000007fef870f000 	C:\Windows\system32\d3d9.dll
0x000007fefcca0000 - 0x000007fefccab000 	C:\Windows\system32\VERSION.dll
0x000007fef9020000 - 0x000007fef9027000 	C:\Windows\system32\d3d8thk.dll
0x000007fee4e70000 - 0x000007fee5edc000 	C:\Windows\system32\nvd3dumx.dll
0x000007fefccb0000 - 0x000007fefccd2000 	C:\Windows\system32\powrprof.dll
0x000007fef6910000 - 0x000007fef6a23000 	C:\Windows\system32\dbghelp.dll

VM Arguments:
jvm_args: -Dfile.encoding=Cp1252 
java_command: Engine.Board
java_class_path (initial): I:\Users\Darkreaper\git\EnSys\Engine\bin;P:\Program Files (x86)\eclipse\plugins\org.junit_4.11.0.v201303080030\junit.jar;P:\Program Files (x86)\eclipse\plugins\org.hamcrest.core_1.3.0.v201303031735.jar;P:\Program Files\Java\JLayer1.0.1\jl1.0.1.jar
Launcher Type: SUN_STANDARD

Environment Variables:
CLASSPATH=.;.;p:\PROGRA~2\JMF21~1.1E\lib\sound.jar;p:\PROGRA~2\JMF21~1.1E\lib\jmf.jar;p:\PROGRA~2\JMF21~1.1E\lib;
PATH=P:\Python27-32\;C:\ProgramData\Oracle\Java\javapath;C:\Program Files (x86)\NVIDIA Corporation\PhysX\Common;C:\Program Files\Common Files\Microsoft Shared\Windows Live;C:\Program Files (x86)\Common Files\Microsoft Shared\Windows Live;C:\Windows\system32;C:\Windows;C:\Windows\System32\Wbem;C:\Program Files (x86)\Common Files\DivX Shared\;C:\Program Files (x86)\Microsoft SQL Server\100\Tools\Binn\;C:\Program Files (x86)\Microsoft SQL Server\100\DTS\Binn\;C:\Program Files (x86)\Windows Live\Shared;P:\Program Files (x86)\Skype\Phone\;p:\Valve\Steam\steamapps\common\half-life 2\hl2\..\bin
USERNAME=Darkreaper
OS=Windows_NT
PROCESSOR_IDENTIFIER=Intel64 Family 6 Model 15 Stepping 11, GenuineIntel



---------------  S Y S T E M  ---------------

OS: Windows Vista , 64 bit Build 6002 Service Pack 2

CPU:total 4 (4 cores per cpu, 1 threads per core) family 6 model 15 stepping 11, cmov, cx8, fxsr, mmx, sse, sse2, sse3, ssse3, tsc

Memory: 4k page, physical 8386188k(1660576k free), swap 20863652k(14117608k free)

vm_info: Java HotSpot(TM) 64-Bit Server VM (25.31-b07) for windows-amd64 JRE (1.8.0_31-b13), built on Dec 17 2014 21:00:28 by "java_re" with MS VC++ 10.0 (VS2010)

time: Fri Apr 10 16:16:48 2015
elapsed time: 0 seconds (0d 0h 0m 0s)

