#
# A fatal error has been detected by the Java Runtime Environment:
#
#  EXCEPTION_ACCESS_VIOLATION (0xc0000005) at pc=0xffffffffa3e25120, pid=8784, tid=5024
#
# JRE version: Java(TM) SE Runtime Environment (8.0_31-b13) (build 1.8.0_31-b13)
# Java VM: Java HotSpot(TM) 64-Bit Server VM (25.31-b07 mixed mode windows-amd64 compressed oops)
# Problematic frame:
# C  0xffffffffa3e25120
#
# Failed to write core dump. Minidumps are not enabled by default on client versions of Windows
#
# If you would like to submit a bug report, please visit:
#   http://bugreport.java.com/bugreport/crash.jsp
#

---------------  T H R E A D  ---------------

Current thread (0x0000000002448000):  JavaThread "main" [_thread_in_Java, id=5024, stack(0x0000000002c20000,0x0000000002d20000)]

siginfo: ExceptionCode=0xc0000005, ExceptionInformation=0x0000000000000008 0xffffffffa3e25120

Registers:
RAX=0x0000000057444e10, RBX=0x0000000057444e10, RCX=0x00000000d5ee4ba8, RDX=0x00000000d5ee4ba8
RSP=0x0000000002d1ecf8, RBP=0x0000000002d1ed60, RSI=0x0000000000000003, RDI=0x0000000000000000
R8 =0x00000000d5e7b7c0, R9 =0x0000000000000000, R10=0x000000005dd862c0, R11=0x0000000002f31aa0
R12=0x0000000000000000, R13=0x0000000002d1ed08, R14=0x0000000002d1eda8, R15=0x0000000002448000
RIP=0xffffffffa3e25120, EFLAGS=0x0000000000010206

Top of Stack: (sp=0x0000000002d1ecf8)
0x0000000002d1ecf8:   0000000002e27280 0000000002e27280
0x0000000002d1ed08:   0000000000000000 00000000d5e7b7c0
0x0000000002d1ed18:   00000000d5ee4ba8 0000000002d1ed20
0x0000000002d1ed28:   00000000574d2174 0000000002d1eda8
0x0000000002d1ed38:   0000000057599ef0 000000005df25950
0x0000000002d1ed48:   00000000574d2268 0000000002d1ed08
0x0000000002d1ed58:   0000000002d1edb0 0000000002d1eee0
0x0000000002d1ed68:   0000000002ff0f0c 0000000000000000
0x0000000002d1ed78:   0000000000000000 0000000000000030
0x0000000002d1ed88:   0000000000000000 0000000000000000
0x0000000002d1ed98:   0000000000000000 000000000000000a
0x0000000002d1eda8:   00000000d5ee4ba8 0000000002fded34
0x0000000002d1edb8:   0000000000000031 0000000000000021
0x0000000002d1edc8:   0000000000000022 00000000d5ee2310
0x0000000002d1edd8:   0000000002fded34 00000000d5ee2310
0x0000000002d1ede8:   0000000002d1ede8 00000000574f26d9 

Instructions: (pc=0xffffffffa3e25120)
0xffffffffa3e25100:   
[error occurred during error reporting (printing registers, top of stack, instructions near pc), id 0xc0000005]

Register to memory mapping:

RAX={method} {0x0000000057444e18} 'startsWith' '(Ljava/lang/String;I)Z' in 'java/lang/String'
RBX={method} {0x0000000057444e18} 'startsWith' '(Ljava/lang/String;I)Z' in 'java/lang/String'
RCX=0x00000000d5ee4ba8 is an oop
java.lang.String 
 - klass: 'java/lang/String'
RDX=0x00000000d5ee4ba8 is an oop
java.lang.String 
 - klass: 'java/lang/String'
RSP=0x0000000002d1ecf8 is pointing into the stack for thread: 0x0000000002448000
RBP=0x0000000002d1ed60 is pointing into the stack for thread: 0x0000000002448000
RSI=0x0000000000000003 is an unknown value
RDI=0x0000000000000000 is an unknown value
R8 =0x00000000d5e7b7c0 is an oop
java.lang.String 
 - klass: 'java/lang/String'
R9 =0x0000000000000000 is an unknown value
R10=0x000000005dd862c0 is an unknown value
R11=0x0000000002f31aa0 is at entry_point+32 in (nmethod*)0x0000000002f31910
R12=0x0000000000000000 is an unknown value
R13=0x0000000002d1ed08 is pointing into the stack for thread: 0x0000000002448000
R14=0x0000000002d1eda8 is pointing into the stack for thread: 0x0000000002448000
R15=0x0000000002448000 is a thread


Stack: [0x0000000002c20000,0x0000000002d20000],  sp=0x0000000002d1ecf8,  free space=1019k
Native frames: (J=compiled Java code, j=interpreted, Vv=VM code, C=native code)
C  0xffffffffa3e25120


---------------  P R O C E S S  ---------------

Java Threads: ( => current thread )
  0x000000005c609800 JavaThread "AWT-EventQueue-0" [_thread_in_Java, id=476, stack(0x000000005cfa0000,0x000000005d0a0000)]
  0x000000005c5ba000 JavaThread "TimerQueue" daemon [_thread_blocked, id=6192, stack(0x000000005cde0000,0x000000005cee0000)]
  0x0000000059596000 JavaThread "AWT-Windows" daemon [_thread_in_native, id=5864, stack(0x000000005a8c0000,0x000000005a9c0000)]
  0x0000000059593800 JavaThread "AWT-Shutdown" [_thread_blocked, id=4936, stack(0x000000005a750000,0x000000005a850000)]
  0x0000000059592800 JavaThread "Java2D Disposer" daemon [_thread_blocked, id=5408, stack(0x000000005a500000,0x000000005a600000)]
  0x0000000059243800 JavaThread "Service Thread" daemon [_thread_blocked, id=8992, stack(0x0000000059df0000,0x0000000059ef0000)]
  0x00000000591d3800 JavaThread "C1 CompilerThread2" daemon [_thread_blocked, id=6576, stack(0x000000005a120000,0x000000005a220000)]
  0x00000000591d0800 JavaThread "C2 CompilerThread1" daemon [_thread_blocked, id=1408, stack(0x0000000059f30000,0x000000005a030000)]
  0x00000000591ce000 JavaThread "C2 CompilerThread0" daemon [_thread_blocked, id=10100, stack(0x0000000059cd0000,0x0000000059dd0000)]
  0x00000000591c3000 JavaThread "JDWP Command Reader" daemon [_thread_in_native, id=6984, stack(0x0000000058c10000,0x0000000058d10000)]
  0x00000000591c2000 JavaThread "JDWP Event Helper Thread" daemon [_thread_blocked, id=2864, stack(0x0000000059830000,0x0000000059930000)]
  0x00000000591b8800 JavaThread "JDWP Transport Listener: dt_socket" daemon [_thread_blocked, id=9500, stack(0x0000000059b30000,0x0000000059c30000)]
  0x0000000057e38000 JavaThread "Attach Listener" daemon [_thread_blocked, id=7900, stack(0x0000000059600000,0x0000000059700000)]
  0x0000000057e37000 JavaThread "Signal Dispatcher" daemon [_thread_blocked, id=9452, stack(0x0000000058fb0000,0x00000000590b0000)]
  0x0000000057dd5000 JavaThread "Finalizer" daemon [_thread_blocked, id=3572, stack(0x00000000590b0000,0x00000000591b0000)]
  0x0000000057dce000 JavaThread "Reference Handler" daemon [_thread_blocked, id=9412, stack(0x0000000058ea0000,0x0000000058fa0000)]
=>0x0000000002448000 JavaThread "main" [_thread_in_Java, id=5024, stack(0x0000000002c20000,0x0000000002d20000)]

Other Threads:
  0x0000000057dc8800 VMThread [stack: 0x0000000058d10000,0x0000000058e10000] [id=9108]
  0x0000000059246000 WatcherThread [stack: 0x000000005a300000,0x000000005a400000] [id=1412]

VM state:not at safepoint (normal execution)

VM Mutex/Monitor currently owned by a thread: None

Heap:
 PSYoungGen      total 38400K, used 9863K [0x00000000d5580000, 0x00000000d8000000, 0x0000000100000000)
  eden space 33280K, 29% used [0x00000000d5580000,0x00000000d5f21cf0,0x00000000d7600000)
  from space 5120K, 0% used [0x00000000d7b00000,0x00000000d7b00000,0x00000000d8000000)
  to   space 5120K, 0% used [0x00000000d7600000,0x00000000d7600000,0x00000000d7b00000)
 ParOldGen       total 87552K, used 0K [0x0000000080000000, 0x0000000085580000, 0x00000000d5580000)
  object space 87552K, 0% used [0x0000000080000000,0x0000000080000000,0x0000000085580000)
 Metaspace       used 9432K, capacity 9540K, committed 9728K, reserved 1058816K
  class space    used 1136K, capacity 1186K, committed 1280K, reserved 1048576K

Card table byte_map: [0x00000000121e0000,0x00000000125f0000] byte_map_base: 0x0000000011de0000

Marking Bits: (ParMarkBitMap*) 0x000000005dd9d4f0
 Begin Bits: [0x0000000013040000, 0x0000000015040000)
 End Bits:   [0x0000000015040000, 0x0000000017040000)

Polling page: 0x00000000000b0000

CodeCache: size=245760Kb used=1902Kb max_used=1905Kb free=243857Kb
 bounds [0x0000000002e20000, 0x0000000003090000, 0x0000000011e20000]
 total_blobs=818 nmethods=364 adapters=377
 compilation: enabled

Compilation events (10 events):
Event: 0.736 Thread 0x00000000591d3800  342       3       java.lang.Character::digit (10 bytes)
Event: 0.736 Thread 0x00000000591d3800 nmethod 342 0x0000000002fea190 code [0x0000000002fea300, 0x0000000002fea538]
Event: 0.736 Thread 0x00000000591d3800  344       3       java.lang.CharacterDataLatin1::digit (91 bytes)
Event: 0.737 Thread 0x00000000591d3800 nmethod 344 0x0000000002fe9b10 code [0x0000000002fe9c80, 0x0000000002fea010]
Event: 0.737 Thread 0x00000000591d3800  345       3       java.lang.StringBuilder::<init> (18 bytes)
Event: 0.737 Thread 0x00000000591d3800 nmethod 345 0x0000000002fefdd0 code [0x0000000002feff60, 0x0000000002ff0428]
Event: 0.737 Thread 0x00000000591d3800  347       3       Engine.Level::getTileFromHexCode (71 bytes)
Event: 0.738 Thread 0x00000000591d3800 nmethod 347 0x0000000002ff0610 code [0x0000000002ff0820, 0x0000000002ff1378]
Event: 0.738 Thread 0x00000000591d3800  348   !   3       java.lang.Integer::decode (244 bytes)
Event: 0.738 Thread 0x00000000591ce000 nmethod 340 0x0000000002ff4890 code [0x0000000002ff49e0, 0x0000000002ff4c58]

GC Heap History (0 events):
No events

Deoptimization events (0 events):
No events

Internal exceptions (10 events):
Event: 0.602 Thread 0x0000000002448000 Exception <a 'java/security/PrivilegedActionException'> (0x00000000d5a8b0a0) thrown at [C:\workspace\8-2-build-windows-amd64-cygwin\jdk8u31\2394\hotspot\src\share\vm\prims\jvm.cpp, line 1312]
Event: 0.603 Thread 0x0000000002448000 Exception <a 'java/security/PrivilegedActionException'> (0x00000000d5a8cfe0) thrown at [C:\workspace\8-2-build-windows-amd64-cygwin\jdk8u31\2394\hotspot\src\share\vm\prims\jvm.cpp, line 1312]
Event: 0.603 Thread 0x0000000002448000 Exception <a 'java/security/PrivilegedActionException'> (0x00000000d5a8e4d0) thrown at [C:\workspace\8-2-build-windows-amd64-cygwin\jdk8u31\2394\hotspot\src\share\vm\prims\jvm.cpp, line 1312]
Event: 0.684 Thread 0x0000000002448000 Exception <a 'java/security/PrivilegedActionException'> (0x00000000d5bb30b0) thrown at [C:\workspace\8-2-build-windows-amd64-cygwin\jdk8u31\2394\hotspot\src\share\vm\prims\jvm.cpp, line 1312]
Event: 0.686 Thread 0x0000000002448000 Exception <a 'java/security/PrivilegedActionException'> (0x00000000d5bbbfb8) thrown at [C:\workspace\8-2-build-windows-amd64-cygwin\jdk8u31\2394\hotspot\src\share\vm\prims\jvm.cpp, line 1312]
Event: 0.692 Thread 0x0000000002448000 Exception <a 'java/security/PrivilegedActionException'> (0x00000000d5bbebf0) thrown at [C:\workspace\8-2-build-windows-amd64-cygwin\jdk8u31\2394\hotspot\src\share\vm\prims\jvm.cpp, line 1312]
Event: 0.693 Thread 0x0000000002448000 Exception <a 'java/security/PrivilegedActionException'> (0x00000000d5bc18f8) thrown at [C:\workspace\8-2-build-windows-amd64-cygwin\jdk8u31\2394\hotspot\src\share\vm\prims\jvm.cpp, line 1312]
Event: 0.694 Thread 0x0000000002448000 Exception <a 'java/security/PrivilegedActionException'> (0x00000000d5bc7308) thrown at [C:\workspace\8-2-build-windows-amd64-cygwin\jdk8u31\2394\hotspot\src\share\vm\prims\jvm.cpp, line 1312]
Event: 0.695 Thread 0x0000000002448000 Exception <a 'java/security/PrivilegedActionException'> (0x00000000d5bcaaa0) thrown at [C:\workspace\8-2-build-windows-amd64-cygwin\jdk8u31\2394\hotspot\src\share\vm\prims\jvm.cpp, line 1312]
Event: 0.699 Thread 0x0000000002448000 Exception <a 'java/security/PrivilegedActionException'> (0x00000000d5bd4438) thrown at [C:\workspace\8-2-build-windows-amd64-cygwin\jdk8u31\2394\hotspot\src\share\vm\prims\jvm.cpp, line 1312]

Events (10 events):
Event: 0.734 loading class java/nio/channels/InterruptibleChannel done
Event: 0.734 loading class java/nio/channels/spi/AbstractInterruptibleChannel done
Event: 0.734 loading class java/nio/channels/FileChannel done
Event: 0.734 loading class sun/nio/ch/FileChannelImpl done
Event: 0.734 loading class java/nio/file/attribute/FileAttribute
Event: 0.734 loading class java/nio/file/attribute/FileAttribute done
Event: 0.734 loading class sun/nio/ch/IOUtil
Event: 0.734 loading class sun/nio/ch/IOUtil done
Event: 0.734 loading class sun/nio/ch/IOUtil$1
Event: 0.734 loading class sun/nio/ch/IOUtil$1 done


Dynamic libraries:
0x000000013fdd0000 - 0x000000013fe04000 	P:\Program Files\Java\jdk1.8.0_31\jre\bin\javaw.exe
0x0000000077280000 - 0x0000000077406000 	C:\Windows\system32\ntdll.dll
0x0000000076d00000 - 0x0000000076e2d000 	C:\Windows\system32\kernel32.dll
0x000007fefe5b0000 - 0x000007fefe6b8000 	C:\Windows\system32\ADVAPI32.dll
0x000007feff450000 - 0x000007feff592000 	C:\Windows\system32\RPCRT4.dll
0x0000000076f90000 - 0x000000007705d000 	C:\Windows\system32\USER32.dll
0x000007fefdde0000 - 0x000007fefde44000 	C:\Windows\system32\GDI32.dll
0x000007fefc840000 - 0x000007fefca39000 	C:\Windows\WinSxS\amd64_microsoft.windows.common-controls_6595b64144ccf1df_6.0.6002.18305_none_1509f852f40ee5cd\COMCTL32.dll
0x000007feff3a0000 - 0x000007feff43c000 	C:\Windows\system32\msvcrt.dll
0x000007feff320000 - 0x000007feff393000 	C:\Windows\system32\SHLWAPI.dll
0x000007fefdef0000 - 0x000007fefdf1d000 	C:\Windows\system32\IMM32.DLL
0x000007fefdcd0000 - 0x000007fefddd2000 	C:\Windows\system32\MSCTF.dll
0x000007feff440000 - 0x000007feff44d000 	C:\Windows\system32\LPK.DLL
0x000007fefde50000 - 0x000007fefdeeb000 	C:\Windows\system32\USP10.dll
0x0000000068a60000 - 0x0000000068b32000 	P:\Program Files\Java\jdk1.8.0_31\jre\bin\msvcr100.dll
0x000000005d5c0000 - 0x000000005de1a000 	P:\Program Files\Java\jdk1.8.0_31\jre\bin\server\jvm.dll
0x000007fefafb0000 - 0x000007fefafb9000 	C:\Windows\system32\WSOCK32.dll
0x000007fefe320000 - 0x000007fefe364000 	C:\Windows\system32\WS2_32.dll
0x000007fefdfc0000 - 0x000007fefdfc7000 	C:\Windows\system32\NSI.dll
0x000007fefaf70000 - 0x000007fefafa9000 	C:\Windows\system32\WINMM.dll
0x000007fefe3d0000 - 0x000007fefe5a8000 	C:\Windows\system32\ole32.dll
0x000007fefdfd0000 - 0x000007fefe0a3000 	C:\Windows\system32\OLEAUT32.dll
0x000007fefaf10000 - 0x000007fefaf65000 	C:\Windows\system32\OLEACC.dll
0x0000000077420000 - 0x0000000077429000 	C:\Windows\system32\PSAPI.DLL
0x000000006d870000 - 0x000000006d87f000 	P:\Program Files\Java\jdk1.8.0_31\jre\bin\verify.dll
0x000000006aaa0000 - 0x000000006aac8000 	P:\Program Files\Java\jdk1.8.0_31\jre\bin\java.dll
0x0000000069d20000 - 0x0000000069d55000 	P:\Program Files\Java\jdk1.8.0_31\jre\bin\jdwp.dll
0x000000006d3d0000 - 0x000000006d3d8000 	P:\Program Files\Java\jdk1.8.0_31\jre\bin\npt.dll
0x000000006a5c0000 - 0x000000006a5d6000 	P:\Program Files\Java\jdk1.8.0_31\jre\bin\zip.dll
0x000007fefe6c0000 - 0x000007feff313000 	C:\Windows\system32\SHELL32.dll
0x000007fefdb20000 - 0x000007fefdb46000 	C:\Windows\system32\USERENV.dll
0x000007fefdb00000 - 0x000007fefdb1c000 	C:\Windows\system32\Secur32.dll
0x000000006c820000 - 0x000000006c829000 	P:\Program Files\Java\jdk1.8.0_31\jre\bin\dt_socket.dll
0x000007fefbad0000 - 0x000007fefbae3000 	C:\Windows\system32\NLAapi.dll
0x000007fefd2e0000 - 0x000007fefd303000 	C:\Windows\system32\IPHLPAPI.DLL
0x000007fefd290000 - 0x000007fefd2d5000 	C:\Windows\system32\dhcpcsvc.DLL
0x000007fefd5c0000 - 0x000007fefd5fa000 	C:\Windows\system32\DNSAPI.dll
0x000007fefd280000 - 0x000007fefd28a000 	C:\Windows\system32\WINNSI.DLL
0x000007fefd250000 - 0x000007fefd27b000 	C:\Windows\system32\dhcpcsvc6.DLL
0x000007fef95f0000 - 0x000007fef9603000 	C:\Windows\system32\napinsp.dll
0x000007fef95d0000 - 0x000007fef95e7000 	C:\Windows\system32\pnrpnsp.dll
0x000007fefd000000 - 0x000007fefd04f000 	C:\Windows\System32\mswsock.dll
0x000007fef9610000 - 0x000007fef961b000 	C:\Windows\System32\winrnr.dll
0x000007fefe370000 - 0x000007fefe3c5000 	C:\Windows\system32\WLDAP32.dll
0x000007fefa6c0000 - 0x000007fefa6c8000 	C:\Windows\system32\rasadhlp.dll
0x000007fefcb80000 - 0x000007fefcb87000 	C:\Windows\System32\wshtcpip.dll
0x00000000688c0000 - 0x0000000068a58000 	P:\Program Files\Java\jdk1.8.0_31\jre\bin\awt.dll
0x000007fefb450000 - 0x000007fefb461000 	C:\Windows\system32\DWMAPI.DLL
0x000007fefc010000 - 0x000007fefc061000 	C:\Windows\system32\uxtheme.dll
0x000007fef8530000 - 0x000007fef870f000 	C:\Windows\system32\d3d9.dll
0x000007fefcca0000 - 0x000007fefccab000 	C:\Windows\system32\VERSION.dll
0x000007fef9020000 - 0x000007fef9027000 	C:\Windows\system32\d3d8thk.dll
0x000007fee4e70000 - 0x000007fee5edc000 	C:\Windows\system32\nvd3dumx.dll
0x000007fefccb0000 - 0x000007fefccd2000 	C:\Windows\system32\powrprof.dll
0x00000000692d0000 - 0x0000000069317000 	P:\Program Files\Java\jdk1.8.0_31\jre\bin\fontmanager.dll
0x0000000069660000 - 0x000000006967a000 	P:\Program Files\Java\jdk1.8.0_31\jre\bin\net.dll
0x000007fefd1c0000 - 0x000007fefd1c7000 	C:\Windows\System32\wship6.dll
0x000000006a370000 - 0x000000006a381000 	P:\Program Files\Java\jdk1.8.0_31\jre\bin\nio.dll
0x000007fef6910000 - 0x000007fef6a23000 	C:\Windows\system32\dbghelp.dll
0x0000000068f40000 - 0x0000000068f81000 	P:\Program Files\Java\jdk1.8.0_31\jre\bin\t2k.dll

VM Arguments:
jvm_args: -agentlib:jdwp=transport=dt_socket,suspend=y,address=localhost:45087 -Dfile.encoding=Cp1252 
java_command: Engine.Board
java_class_path (initial): I:\Users\Darkreaper\git\EnSys\Engine\bin;P:\Program Files (x86)\eclipse\plugins\org.junit_4.11.0.v201303080030\junit.jar;P:\Program Files (x86)\eclipse\plugins\org.hamcrest.core_1.3.0.v201303031735.jar;P:\Program Files\Java\JLayer1.0.1\jl1.0.1.jar
Launcher Type: SUN_STANDARD

Environment Variables:
CLASSPATH=.;.;p:\PROGRA~2\JMF21~1.1E\lib\sound.jar;p:\PROGRA~2\JMF21~1.1E\lib\jmf.jar;p:\PROGRA~2\JMF21~1.1E\lib;
PATH=P:\Program Files\Java\jdk1.8.0_31\jre\bin;P:\Python27-32\;C:\ProgramData\Oracle\Java\javapath;C:\Program Files (x86)\NVIDIA Corporation\PhysX\Common;C:\Program Files\Common Files\Microsoft Shared\Windows Live;C:\Program Files (x86)\Common Files\Microsoft Shared\Windows Live;C:\Windows\system32;C:\Windows;C:\Windows\System32\Wbem;C:\Program Files (x86)\Common Files\DivX Shared\;C:\Program Files (x86)\Microsoft SQL Server\100\Tools\Binn\;C:\Program Files (x86)\Microsoft SQL Server\100\DTS\Binn\;C:\Program Files (x86)\Windows Live\Shared;P:\Program Files (x86)\Skype\Phone\;p:\Valve\Steam\steamapps\common\half-life 2\hl2\..\bin
USERNAME=Darkreaper
OS=Windows_NT
PROCESSOR_IDENTIFIER=Intel64 Family 6 Model 15 Stepping 11, GenuineIntel



---------------  S Y S T E M  ---------------

OS: Windows Vista , 64 bit Build 6002 Service Pack 2

CPU:total 4 (4 cores per cpu, 1 threads per core) family 6 model 15 stepping 11, cmov, cx8, fxsr, mmx, sse, sse2, sse3, ssse3, tsc

Memory: 4k page, physical 8386188k(1914248k free), swap 20863652k(14887340k free)

vm_info: Java HotSpot(TM) 64-Bit Server VM (25.31-b07) for windows-amd64 JRE (1.8.0_31-b13), built on Dec 17 2014 21:00:28 by "java_re" with MS VC++ 10.0 (VS2010)

time: Fri Apr 10 16:37:43 2015
elapsed time: 0 seconds (0d 0h 0m 0s)

